{"C:\\Users\\Pradeep.Padmukhi\\Desktop\\Pradeep_udemy\\AI_for_developers\\Bucks2Bar\\script.js": {"path":"C:\\Users\\Pradeep.Padmukhi\\Desktop\\Pradeep_udemy\\AI_for_developers\\Bucks2Bar\\script.js","statementMap":{"0":{"start":{"line":1,"column":16},"end":{"line":14,"column":1}},"1":{"start":{"line":15,"column":19},"end":{"line":15,"column":62}},"2":{"start":{"line":15,"column":37},"end":{"line":15,"column":60}},"3":{"start":{"line":16,"column":18},"end":{"line":16,"column":22}},"4":{"start":{"line":17,"column":22},"end":{"line":17,"column":40}},"5":{"start":{"line":19,"column":26},"end":{"line":23,"column":2}},"6":{"start":{"line":26,"column":4},"end":{"line":26,"column":43}},"7":{"start":{"line":30,"column":24},"end":{"line":30,"column":78}},"8":{"start":{"line":30,"column":57},"end":{"line":30,"column":74}},"9":{"start":{"line":31,"column":25},"end":{"line":34,"column":5}},"10":{"start":{"line":32,"column":23},"end":{"line":32,"column":41}},"11":{"start":{"line":36,"column":4},"end":{"line":37,"column":33}},"12":{"start":{"line":38,"column":4},"end":{"line":39,"column":34}},"13":{"start":{"line":43,"column":4},"end":{"line":50,"column":5}},"14":{"start":{"line":49,"column":8},"end":{"line":49,"column":15}},"15":{"start":{"line":52,"column":4},"end":{"line":52,"column":78}},"16":{"start":{"line":52,"column":65},"end":{"line":52,"column":76}},"17":{"start":{"line":53,"column":4},"end":{"line":53,"column":79}},"18":{"start":{"line":53,"column":65},"end":{"line":53,"column":77}},"19":{"start":{"line":54,"column":4},"end":{"line":56,"column":5}},"20":{"start":{"line":55,"column":8},"end":{"line":55,"column":29}},"21":{"start":{"line":60,"column":18},"end":{"line":60,"column":30}},"22":{"start":{"line":61,"column":18},"end":{"line":61,"column":37}},"23":{"start":{"line":62,"column":17},"end":{"line":62,"column":35}},"24":{"start":{"line":63,"column":18},"end":{"line":63,"column":42}},"25":{"start":{"line":64,"column":18},"end":{"line":64,"column":39}},"26":{"start":{"line":66,"column":4},"end":{"line":68,"column":5}},"27":{"start":{"line":67,"column":8},"end":{"line":67,"column":15}},"28":{"start":{"line":70,"column":4},"end":{"line":70,"column":36}},"29":{"start":{"line":71,"column":4},"end":{"line":71,"column":19}},"30":{"start":{"line":72,"column":4},"end":{"line":72,"column":19}},"31":{"start":{"line":76,"column":19},"end":{"line":76,"column":76}},"32":{"start":{"line":77,"column":4},"end":{"line":79,"column":7}},"33":{"start":{"line":78,"column":8},"end":{"line":78,"column":59}},"34":{"start":{"line":83,"column":4},"end":{"line":83,"column":27}},"35":{"start":{"line":84,"column":26},"end":{"line":84,"column":61}},"36":{"start":{"line":85,"column":22},"end":{"line":85,"column":65}},"37":{"start":{"line":86,"column":21},"end":{"line":86,"column":47}},"38":{"start":{"line":88,"column":8},"end":{"line":88,"column":91}},"39":{"start":{"line":89,"column":21},"end":{"line":89,"column":35}},"40":{"start":{"line":91,"column":4},"end":{"line":96,"column":5}},"41":{"start":{"line":92,"column":8},"end":{"line":92,"column":45}},"42":{"start":{"line":93,"column":11},"end":{"line":96,"column":5}},"43":{"start":{"line":94,"column":8},"end":{"line":94,"column":39}},"44":{"start":{"line":95,"column":8},"end":{"line":95,"column":37}},"45":{"start":{"line":98,"column":4},"end":{"line":98,"column":36}},"46":{"start":{"line":99,"column":4},"end":{"line":99,"column":53}},"47":{"start":{"line":103,"column":17},"end":{"line":103,"column":47}},"48":{"start":{"line":104,"column":4},"end":{"line":106,"column":5}},"49":{"start":{"line":105,"column":8},"end":{"line":105,"column":15}},"50":{"start":{"line":108,"column":4},"end":{"line":108,"column":58}},"51":{"start":{"line":112,"column":16},"end":{"line":112,"column":72}},"52":{"start":{"line":113,"column":4},"end":{"line":169,"column":7}},"53":{"start":{"line":120,"column":51},"end":{"line":120,"column":62}},"54":{"start":{"line":127,"column":51},"end":{"line":127,"column":63}},"55":{"start":{"line":148,"column":28},"end":{"line":148,"column":96}},"56":{"start":{"line":163,"column":28},"end":{"line":163,"column":54}},"57":{"start":{"line":173,"column":22},"end":{"line":173,"column":59}},"58":{"start":{"line":174,"column":4},"end":{"line":176,"column":5}},"59":{"start":{"line":175,"column":8},"end":{"line":175,"column":15}},"60":{"start":{"line":178,"column":4},"end":{"line":182,"column":7}},"61":{"start":{"line":179,"column":8},"end":{"line":181,"column":9}},"62":{"start":{"line":180,"column":12},"end":{"line":180,"column":33}},"63":{"start":{"line":186,"column":4},"end":{"line":188,"column":5}},"64":{"start":{"line":187,"column":8},"end":{"line":187,"column":15}},"65":{"start":{"line":190,"column":17},"end":{"line":190,"column":44}},"66":{"start":{"line":191,"column":4},"end":{"line":191,"column":58}},"67":{"start":{"line":192,"column":4},"end":{"line":192,"column":47}},"68":{"start":{"line":193,"column":4},"end":{"line":193,"column":17}},"69":{"start":{"line":197,"column":19},"end":{"line":197,"column":60}},"70":{"start":{"line":198,"column":4},"end":{"line":200,"column":5}},"71":{"start":{"line":199,"column":8},"end":{"line":199,"column":15}},"72":{"start":{"line":202,"column":4},"end":{"line":202,"column":57}},"73":{"start":{"line":206,"column":4},"end":{"line":206,"column":23}},"74":{"start":{"line":207,"column":4},"end":{"line":207,"column":19}},"75":{"start":{"line":208,"column":4},"end":{"line":208,"column":17}},"76":{"start":{"line":209,"column":4},"end":{"line":209,"column":32}},"77":{"start":{"line":210,"column":4},"end":{"line":210,"column":26}},"78":{"start":{"line":211,"column":4},"end":{"line":211,"column":24}},"79":{"start":{"line":215,"column":4},"end":{"line":215,"column":23}},"80":{"start":{"line":218,"column":0},"end":{"line":218,"column":52}},"81":{"start":{"line":221,"column":0},"end":{"line":241,"column":1}},"82":{"start":{"line":222,"column":4},"end":{"line":240,"column":6}}},"fnMap":{"0":{"name":"(anonymous_0)","decl":{"start":{"line":15,"column":30},"end":{"line":15,"column":31}},"loc":{"start":{"line":15,"column":37},"end":{"line":15,"column":60}},"line":15},"1":{"name":"formatRupee","decl":{"start":{"line":25,"column":9},"end":{"line":25,"column":20}},"loc":{"start":{"line":25,"column":28},"end":{"line":27,"column":1}},"line":25},"2":{"name":"updateTotals","decl":{"start":{"line":29,"column":9},"end":{"line":29,"column":21}},"loc":{"start":{"line":29,"column":24},"end":{"line":40,"column":1}},"line":29},"3":{"name":"(anonymous_3)","decl":{"start":{"line":30,"column":42},"end":{"line":30,"column":43}},"loc":{"start":{"line":30,"column":57},"end":{"line":30,"column":74}},"line":30},"4":{"name":"(anonymous_4)","decl":{"start":{"line":32,"column":8},"end":{"line":32,"column":9}},"loc":{"start":{"line":32,"column":23},"end":{"line":32,"column":41}},"line":32},"5":{"name":"refreshChart","decl":{"start":{"line":42,"column":9},"end":{"line":42,"column":21}},"loc":{"start":{"line":42,"column":24},"end":{"line":57,"column":1}},"line":42},"6":{"name":"(anonymous_6)","decl":{"start":{"line":52,"column":55},"end":{"line":52,"column":56}},"loc":{"start":{"line":52,"column":65},"end":{"line":52,"column":76}},"line":52},"7":{"name":"(anonymous_7)","decl":{"start":{"line":53,"column":55},"end":{"line":53,"column":56}},"loc":{"start":{"line":53,"column":65},"end":{"line":53,"column":77}},"line":53},"8":{"name":"handleInputChange","decl":{"start":{"line":59,"column":9},"end":{"line":59,"column":26}},"loc":{"start":{"line":59,"column":34},"end":{"line":73,"column":1}},"line":59},"9":{"name":"initializeInputs","decl":{"start":{"line":75,"column":9},"end":{"line":75,"column":25}},"loc":{"start":{"line":75,"column":28},"end":{"line":80,"column":1}},"line":75},"10":{"name":"(anonymous_10)","decl":{"start":{"line":77,"column":19},"end":{"line":77,"column":20}},"loc":{"start":{"line":77,"column":30},"end":{"line":79,"column":5}},"line":77},"11":{"name":"handleUsernameSubmit","decl":{"start":{"line":82,"column":9},"end":{"line":82,"column":29}},"loc":{"start":{"line":82,"column":37},"end":{"line":100,"column":1}},"line":82},"12":{"name":"setupUsernameForm","decl":{"start":{"line":102,"column":9},"end":{"line":102,"column":26}},"loc":{"start":{"line":102,"column":29},"end":{"line":109,"column":1}},"line":102},"13":{"name":"buildChart","decl":{"start":{"line":111,"column":9},"end":{"line":111,"column":19}},"loc":{"start":{"line":111,"column":22},"end":{"line":170,"column":1}},"line":111},"14":{"name":"(anonymous_14)","decl":{"start":{"line":120,"column":41},"end":{"line":120,"column":42}},"loc":{"start":{"line":120,"column":51},"end":{"line":120,"column":62}},"line":120},"15":{"name":"(anonymous_15)","decl":{"start":{"line":127,"column":41},"end":{"line":127,"column":42}},"loc":{"start":{"line":127,"column":51},"end":{"line":127,"column":63}},"line":127},"16":{"name":"(anonymous_16)","decl":{"start":{"line":147,"column":24},"end":{"line":147,"column":25}},"loc":{"start":{"line":147,"column":39},"end":{"line":149,"column":25}},"line":147},"17":{"name":"(anonymous_17)","decl":{"start":{"line":162,"column":24},"end":{"line":162,"column":25}},"loc":{"start":{"line":162,"column":40},"end":{"line":164,"column":25}},"line":162},"18":{"name":"setupChartResizeOnTabShow","decl":{"start":{"line":172,"column":9},"end":{"line":172,"column":34}},"loc":{"start":{"line":172,"column":37},"end":{"line":183,"column":1}},"line":172},"19":{"name":"(anonymous_19)","decl":{"start":{"line":178,"column":47},"end":{"line":178,"column":48}},"loc":{"start":{"line":178,"column":53},"end":{"line":182,"column":5}},"line":178},"20":{"name":"downloadChartImage","decl":{"start":{"line":185,"column":9},"end":{"line":185,"column":27}},"loc":{"start":{"line":185,"column":30},"end":{"line":194,"column":1}},"line":185},"21":{"name":"setupDownloadButton","decl":{"start":{"line":196,"column":9},"end":{"line":196,"column":28}},"loc":{"start":{"line":196,"column":31},"end":{"line":203,"column":1}},"line":196},"22":{"name":"init","decl":{"start":{"line":205,"column":9},"end":{"line":205,"column":13}},"loc":{"start":{"line":205,"column":16},"end":{"line":212,"column":1}},"line":205},"23":{"name":"getBudgetChart","decl":{"start":{"line":214,"column":9},"end":{"line":214,"column":23}},"loc":{"start":{"line":214,"column":26},"end":{"line":216,"column":1}},"line":214}},"branchMap":{"0":{"loc":{"start":{"line":43,"column":4},"end":{"line":50,"column":5}},"type":"if","locations":[{"start":{"line":43,"column":4},"end":{"line":50,"column":5}},{"start":{},"end":{}}],"line":43},"1":{"loc":{"start":{"line":44,"column":8},"end":{"line":47,"column":44}},"type":"binary-expr","locations":[{"start":{"line":44,"column":8},"end":{"line":44,"column":20}},{"start":{"line":45,"column":8},"end":{"line":45,"column":25}},{"start":{"line":46,"column":8},"end":{"line":46,"column":49}},{"start":{"line":47,"column":8},"end":{"line":47,"column":44}}],"line":44},"2":{"loc":{"start":{"line":54,"column":4},"end":{"line":56,"column":5}},"type":"if","locations":[{"start":{"line":54,"column":4},"end":{"line":56,"column":5}},{"start":{},"end":{}}],"line":54},"3":{"loc":{"start":{"line":63,"column":18},"end":{"line":63,"column":42}},"type":"binary-expr","locations":[{"start":{"line":63,"column":18},"end":{"line":63,"column":37}},{"start":{"line":63,"column":41},"end":{"line":63,"column":42}}],"line":63},"4":{"loc":{"start":{"line":66,"column":4},"end":{"line":68,"column":5}},"type":"if","locations":[{"start":{"line":66,"column":4},"end":{"line":68,"column":5}},{"start":{},"end":{}}],"line":66},"5":{"loc":{"start":{"line":66,"column":8},"end":{"line":66,"column":61}},"type":"binary-expr","locations":[{"start":{"line":66,"column":8},"end":{"line":66,"column":20}},{"start":{"line":66,"column":24},"end":{"line":66,"column":61}}],"line":66},"6":{"loc":{"start":{"line":91,"column":4},"end":{"line":96,"column":5}},"type":"if","locations":[{"start":{"line":91,"column":4},"end":{"line":96,"column":5}},{"start":{"line":93,"column":11},"end":{"line":96,"column":5}}],"line":91},"7":{"loc":{"start":{"line":93,"column":11},"end":{"line":96,"column":5}},"type":"if","locations":[{"start":{"line":93,"column":11},"end":{"line":96,"column":5}},{"start":{},"end":{}}],"line":93},"8":{"loc":{"start":{"line":104,"column":4},"end":{"line":106,"column":5}},"type":"if","locations":[{"start":{"line":104,"column":4},"end":{"line":106,"column":5}},{"start":{},"end":{}}],"line":104},"9":{"loc":{"start":{"line":174,"column":4},"end":{"line":176,"column":5}},"type":"if","locations":[{"start":{"line":174,"column":4},"end":{"line":176,"column":5}},{"start":{},"end":{}}],"line":174},"10":{"loc":{"start":{"line":179,"column":8},"end":{"line":181,"column":9}},"type":"if","locations":[{"start":{"line":179,"column":8},"end":{"line":181,"column":9}},{"start":{},"end":{}}],"line":179},"11":{"loc":{"start":{"line":186,"column":4},"end":{"line":188,"column":5}},"type":"if","locations":[{"start":{"line":186,"column":4},"end":{"line":188,"column":5}},{"start":{},"end":{}}],"line":186},"12":{"loc":{"start":{"line":198,"column":4},"end":{"line":200,"column":5}},"type":"if","locations":[{"start":{"line":198,"column":4},"end":{"line":200,"column":5}},{"start":{},"end":{}}],"line":198},"13":{"loc":{"start":{"line":221,"column":0},"end":{"line":241,"column":1}},"type":"if","locations":[{"start":{"line":221,"column":0},"end":{"line":241,"column":1}},{"start":{},"end":{}}],"line":221},"14":{"loc":{"start":{"line":221,"column":4},"end":{"line":221,"column":51}},"type":"binary-expr","locations":[{"start":{"line":221,"column":4},"end":{"line":221,"column":33}},{"start":{"line":221,"column":37},"end":{"line":221,"column":51}}],"line":221}},"s":{"0":1,"1":1,"2":12,"3":1,"4":1,"5":1,"6":21,"7":8,"8":96,"9":8,"10":96,"11":8,"12":8,"13":5,"14":4,"15":1,"16":12,"17":1,"18":12,"19":1,"20":1,"21":6,"22":6,"23":6,"24":6,"25":6,"26":6,"27":2,"28":4,"29":4,"30":4,"31":0,"32":0,"33":0,"34":2,"35":2,"36":2,"37":2,"38":2,"39":2,"40":2,"41":1,"42":1,"43":1,"44":1,"45":2,"46":2,"47":0,"48":0,"49":0,"50":0,"51":4,"52":4,"53":48,"54":48,"55":0,"56":0,"57":1,"58":1,"59":0,"60":1,"61":1,"62":1,"63":2,"64":0,"65":2,"66":2,"67":2,"68":2,"69":1,"70":1,"71":0,"72":1,"73":0,"74":0,"75":0,"76":0,"77":0,"78":0,"79":1,"80":1,"81":1,"82":1},"f":{"0":12,"1":21,"2":8,"3":96,"4":96,"5":5,"6":12,"7":12,"8":6,"9":0,"10":0,"11":2,"12":0,"13":4,"14":48,"15":48,"16":0,"17":0,"18":1,"19":1,"20":2,"21":1,"22":0,"23":1},"b":{"0":[4,1],"1":[5,5,1,1],"2":[1,0],"3":[6,2],"4":[2,4],"5":[6,5],"6":[1,1],"7":[1,0],"8":[0,0],"9":[0,1],"10":[1,0],"11":[0,2],"12":[0,1],"13":[1,0],"14":[1,1]},"_coverageSchema":"1a1c01bbd47fc00a2c39e90264f33305004495a9","hash":"cb46a7066bbf85596d73c1a1e5e7b5755e27f009"}
}
