TN:
SF:script.js
FN:15,(anonymous_0)
FN:25,formatRupee
FN:29,updateTotals
FN:30,(anonymous_3)
FN:32,(anonymous_4)
FN:42,refreshChart
FN:52,(anonymous_6)
FN:53,(anonymous_7)
FN:59,handleInputChange
FN:75,initializeInputs
FN:77,(anonymous_10)
FN:82,handleUsernameSubmit
FN:102,setupUsernameForm
FN:111,buildChart
FN:120,(anonymous_14)
FN:127,(anonymous_15)
FN:147,(anonymous_16)
FN:162,(anonymous_17)
FN:172,setupChartResizeOnTabShow
FN:178,(anonymous_19)
FN:185,downloadChartImage
FN:196,setupDownloadButton
FN:205,init
FN:214,getBudgetChart
FNF:24
FNH:18
FNDA:12,(anonymous_0)
FNDA:21,formatRupee
FNDA:8,updateTotals
FNDA:96,(anonymous_3)
FNDA:96,(anonymous_4)
FNDA:5,refreshChart
FNDA:12,(anonymous_6)
FNDA:12,(anonymous_7)
FNDA:6,handleInputChange
FNDA:0,initializeInputs
FNDA:0,(anonymous_10)
FNDA:2,handleUsernameSubmit
FNDA:0,setupUsernameForm
FNDA:4,buildChart
FNDA:48,(anonymous_14)
FNDA:48,(anonymous_15)
FNDA:0,(anonymous_16)
FNDA:0,(anonymous_17)
FNDA:1,setupChartResizeOnTabShow
FNDA:1,(anonymous_19)
FNDA:2,downloadChartImage
FNDA:1,setupDownloadButton
FNDA:0,init
FNDA:1,getBudgetChart
DA:1,1
DA:15,12
DA:16,1
DA:17,1
DA:19,1
DA:26,21
DA:30,96
DA:31,8
DA:32,96
DA:36,8
DA:38,8
DA:43,5
DA:49,4
DA:52,12
DA:53,12
DA:54,1
DA:55,1
DA:60,6
DA:61,6
DA:62,6
DA:63,6
DA:64,6
DA:66,6
DA:67,2
DA:70,4
DA:71,4
DA:72,4
DA:76,0
DA:77,0
DA:78,0
DA:83,2
DA:84,2
DA:85,2
DA:86,2
DA:88,2
DA:89,2
DA:91,2
DA:92,1
DA:93,1
DA:94,1
DA:95,1
DA:98,2
DA:99,2
DA:103,0
DA:104,0
DA:105,0
DA:108,0
DA:112,4
DA:113,4
DA:120,48
DA:127,48
DA:148,0
DA:163,0
DA:173,1
DA:174,1
DA:175,0
DA:178,1
DA:179,1
DA:180,1
DA:186,2
DA:187,0
DA:190,2
DA:191,2
DA:192,2
DA:193,2
DA:197,1
DA:198,1
DA:199,0
DA:202,1
DA:206,0
DA:207,0
DA:208,0
DA:209,0
DA:210,0
DA:211,0
DA:215,1
DA:218,1
DA:221,1
DA:222,1
LF:79
LH:61
BRDA:43,0,0,4
BRDA:43,0,1,1
BRDA:44,1,0,5
BRDA:44,1,1,5
BRDA:44,1,2,1
BRDA:44,1,3,1
BRDA:54,2,0,1
BRDA:54,2,1,0
BRDA:63,3,0,6
BRDA:63,3,1,2
BRDA:66,4,0,2
BRDA:66,4,1,4
BRDA:66,5,0,6
BRDA:66,5,1,5
BRDA:91,6,0,1
BRDA:91,6,1,1
BRDA:93,7,0,1
BRDA:93,7,1,0
BRDA:104,8,0,0
BRDA:104,8,1,0
BRDA:174,9,0,0
BRDA:174,9,1,1
BRDA:179,10,0,1
BRDA:179,10,1,0
BRDA:186,11,0,0
BRDA:186,11,1,2
BRDA:198,12,0,0
BRDA:198,12,1,1
BRDA:221,13,0,1
BRDA:221,13,1,0
BRDA:221,14,0,1
BRDA:221,14,1,1
BRF:32
BRH:23
end_of_record
